<?xml version="1.0" encoding="UTF-8"?>
<testng-results ignored="0" total="1" passed="1" failed="0" skipped="0">
  <reporter-output>
  </reporter-output>
  <suite started-at="2021-09-27T12:26:11 IST" name="Default suite" finished-at="2021-09-27T12:26:11 IST" duration-ms="230">
    <groups>
    </groups>
    <test started-at="2021-09-27T12:26:11 IST" name="Default test" finished-at="2021-09-27T12:26:11 IST" duration-ms="230">
      <class name="constructorChaining.Cde">
        <test-method signature="Xyz()[pri:0, instance:constructorChaining.Cde@12b0404f]" started-at="2021-09-27T12:26:11 IST" name="Xyz" finished-at="2021-09-27T12:26:11 IST" duration-ms="42" status="PASS">
          <reporter-output>
          </reporter-output>
        </test-method> <!-- Xyz -->
      </class> <!-- constructorChaining.Cde -->
    </test> <!-- Default test -->
  </suite> <!-- Default suite -->
</testng-results>
